Release 14.7 - xst P.20131013 (nt64)
Copyright (c) 1995-2013 Xilinx, Inc.  All rights reserved.
--> Parameter TMPDIR set to xst/projnav.tmp


Total REAL time to Xst completion: 0.00 secs
Total CPU time to Xst completion: 0.09 secs
 
--> Parameter xsthdpdir set to xst


Total REAL time to Xst completion: 0.00 secs
Total CPU time to Xst completion: 0.09 secs
 
--> Reading design: CoolHeatSystem.prj

TABLE OF CONTENTS
  1) Synthesis Options Summary
  2) HDL Parsing
  3) HDL Elaboration
  4) HDL Synthesis
       4.1) HDL Synthesis Report
  5) Advanced HDL Synthesis
       5.1) Advanced HDL Synthesis Report
  6) Low Level Synthesis
  7) Partition Report
  8) Design Summary
       8.1) Primitive and Black Box Usage
       8.2) Device utilization summary
       8.3) Partition Resource Summary
       8.4) Timing Report
            8.4.1) Clock Information
            8.4.2) Asynchronous Control Signals Information
            8.4.3) Timing Summary
            8.4.4) Timing Details
            8.4.5) Cross Clock Domains Report


=========================================================================
*                      Synthesis Options Summary                        *
=========================================================================
---- Source Parameters
Input File Name                    : "CoolHeatSystem.prj"
Ignore Synthesis Constraint File   : NO

---- Target Parameters
Output File Name                   : "CoolHeatSystem"
Output Format                      : NGC
Target Device                      : xc7a100t-3-csg324

---- Source Options
Top Module Name                    : CoolHeatSystem
Automatic FSM Extraction           : YES
FSM Encoding Algorithm             : Auto
Safe Implementation                : No
FSM Style                          : LUT
RAM Extraction                     : Yes
RAM Style                          : Auto
ROM Extraction                     : Yes
Shift Register Extraction          : YES
ROM Style                          : Auto
Resource Sharing                   : YES
Asynchronous To Synchronous        : NO
Shift Register Minimum Size        : 2
Use DSP Block                      : Auto
Automatic Register Balancing       : No

---- Target Options
LUT Combining                      : Auto
Reduce Control Sets                : Auto
Add IO Buffers                     : YES
Global Maximum Fanout              : 100000
Add Generic Clock Buffer(BUFG)     : 32
Register Duplication               : YES
Optimize Instantiated Primitives   : NO
Use Clock Enable                   : Auto
Use Synchronous Set                : Auto
Use Synchronous Reset              : Auto
Pack IO Registers into IOBs        : Auto
Equivalent register Removal        : YES

---- General Options
Optimization Goal                  : Speed
Optimization Effort                : 1
Power Reduction                    : NO
Keep Hierarchy                     : No
Netlist Hierarchy                  : As_Optimized
RTL Output                         : Yes
Global Optimization                : AllClockNets
Read Cores                         : YES
Write Timing Constraints           : NO
Cross Clock Analysis               : NO
Hierarchy Separator                : /
Bus Delimiter                      : <>
Case Specifier                     : Maintain
Slice Utilization Ratio            : 100
BRAM Utilization Ratio             : 100
DSP48 Utilization Ratio            : 100
Auto BRAM Packing                  : NO
Slice Utilization Ratio Delta      : 5

=========================================================================


=========================================================================
*                          HDL Parsing                                  *
=========================================================================
Analyzing Verilog file "C:\Users\Anformatic Golestan\Documents\Logic Circuits\Final Project\Module3\ModePower.v" into library work
Parsing module <ModePower>.
Analyzing Verilog file "C:\Users\Anformatic Golestan\Documents\Logic Circuits\Final Project\Module3\FanSpeed.v" into library work
Parsing module <FanSpeed>.
Analyzing Verilog file "C:\Users\Anformatic Golestan\Documents\Logic Circuits\Final Project\Module3\CoolHeatSystem.v" into library work
Parsing module <CoolHeatSystem>.

=========================================================================
*                            HDL Elaboration                            *
=========================================================================

Elaborating module <CoolHeatSystem>.

Elaborating module <FanSpeed>.
WARNING:HDLCompiler:413 - "C:\Users\Anformatic Golestan\Documents\Logic Circuits\Final Project\Module3\FanSpeed.v" Line 53: Result of 9-bit expression is truncated to fit in 8-bit target.

Elaborating module <ModePower>.
WARNING:HDLCompiler:413 - "C:\Users\Anformatic Golestan\Documents\Logic Circuits\Final Project\Module3\ModePower.v" Line 42: Result of 5-bit expression is truncated to fit in 4-bit target.

=========================================================================
*                           HDL Synthesis                               *
=========================================================================

Synthesizing Unit <CoolHeatSystem>.
    Related source file is "C:\Users\Anformatic Golestan\Documents\Logic Circuits\Final Project\Module3\CoolHeatSystem.v".
    Summary:
	no macro.
Unit <CoolHeatSystem> synthesized.

Synthesizing Unit <FanSpeed>.
    Related source file is "C:\Users\Anformatic Golestan\Documents\Logic Circuits\Final Project\Module3\FanSpeed.v".
    Found 1-bit register for signal <pulse>.
    Found 8-bit register for signal <timer_counter>.
    Found 8-bit adder for signal <timer_counter[7]_GND_2_o_add_2_OUT> created at line 53.
    Found 8-bit comparator greater for signal <speed[7]_timer_counter[7]_LessThan_1_o> created at line 42
    Summary:
	inferred   1 Adder/Subtractor(s).
	inferred   9 D-type flip-flop(s).
	inferred   1 Comparator(s).
	inferred   1 Multiplexer(s).
Unit <FanSpeed> synthesized.

Synthesizing Unit <ModePower>.
    Related source file is "C:\Users\Anformatic Golestan\Documents\Logic Circuits\Final Project\Module3\ModePower.v".
    Found 4-bit adder for signal <GND_3_o_GND_3_o_add_4_OUT> created at line 42.
    Found 4-bit adder for signal <GND_3_o_GND_3_o_add_7_OUT> created at line 42.
    Found 4-bit adder for signal <GND_3_o_GND_3_o_add_10_OUT> created at line 42.
    Found 4-bit adder for signal <GND_3_o_GND_3_o_add_13_OUT> created at line 42.
    Found 4-bit adder for signal <GND_3_o_GND_3_o_add_16_OUT> created at line 42.
    Found 4-bit adder for signal <GND_3_o_GND_3_o_add_19_OUT> created at line 42.
    Found 4-bit adder for signal <GND_3_o_GND_3_o_add_22_OUT> created at line 42.
    Summary:
	inferred   7 Adder/Subtractor(s).
	inferred  14 Multiplexer(s).
Unit <ModePower> synthesized.

=========================================================================
HDL Synthesis Report

Macro Statistics
# Adders/Subtractors                                   : 8
 4-bit adder                                           : 7
 8-bit adder                                           : 1
# Registers                                            : 2
 1-bit register                                        : 1
 8-bit register                                        : 1
# Comparators                                          : 1
 8-bit comparator greater                              : 1
# Multiplexers                                         : 15
 1-bit 2-to-1 multiplexer                              : 8
 4-bit 2-to-1 multiplexer                              : 7

=========================================================================

=========================================================================
*                       Advanced HDL Synthesis                          *
=========================================================================


Synthesizing (advanced) Unit <FanSpeed>.
The following registers are absorbed into counter <timer_counter>: 1 register on signal <timer_counter>.
Unit <FanSpeed> synthesized (advanced).

=========================================================================
Advanced HDL Synthesis Report

Macro Statistics
# Adders/Subtractors                                   : 7
 4-bit adder                                           : 7
# Counters                                             : 1
 8-bit up counter                                      : 1
# Registers                                            : 1
 Flip-Flops                                            : 1
# Comparators                                          : 1
 8-bit comparator greater                              : 1
# Multiplexers                                         : 14
 1-bit 2-to-1 multiplexer                              : 7
 4-bit 2-to-1 multiplexer                              : 7

=========================================================================

=========================================================================
*                         Low Level Synthesis                           *
=========================================================================

Optimizing unit <CoolHeatSystem> ...

Optimizing unit <ModePower> ...

Mapping all equations...
Building and optimizing final netlist ...
Found area constraint ratio of 100 (+ 5) on block CoolHeatSystem, actual ratio is 0.

Final Macro Processing ...

=========================================================================
Final Register Report

Macro Statistics
# Registers                                            : 9
 Flip-Flops                                            : 9

=========================================================================

=========================================================================
*                           Partition Report                            *
=========================================================================

Partition Implementation Status
-------------------------------

  No Partitions were found in this design.

-------------------------------

=========================================================================
*                            Design Summary                             *
=========================================================================

Top Level Output File Name         : CoolHeatSystem.ngc

Primitive and Black Box Usage:
------------------------------
# BELS                             : 40
#      GND                         : 1
#      INV                         : 1
#      LUT1                        : 7
#      LUT4                        : 5
#      LUT5                        : 3
#      LUT6                        : 7
#      MUXCY                       : 7
#      VCC                         : 1
#      XORCY                       : 8
# FlipFlops/Latches                : 9
#      FDC                         : 9
# Clock Buffers                    : 1
#      BUFGP                       : 1
# IO Buffers                       : 23
#      IBUF                        : 17
#      OBUF                        : 6

Device utilization summary:
---------------------------

Selected Device : 7a100tcsg324-3 


Slice Logic Utilization: 
 Number of Slice Registers:               9  out of  126800     0%  
 Number of Slice LUTs:                   23  out of  63400     0%  
    Number used as Logic:                23  out of  63400     0%  

Slice Logic Distribution: 
 Number of LUT Flip Flop pairs used:     23
   Number with an unused Flip Flop:      14  out of     23    60%  
   Number with an unused LUT:             0  out of     23     0%  
   Number of fully used LUT-FF pairs:     9  out of     23    39%  
   Number of unique control sets:         1

IO Utilization: 
 Number of IOs:                          24
 Number of bonded IOBs:                  24  out of    210    11%  

Specific Feature Utilization:
 Number of BUFG/BUFGCTRLs:                1  out of     32     3%  

---------------------------
Partition Resource Summary:
---------------------------

  No Partitions were found in this design.

---------------------------


=========================================================================
Timing Report

NOTE: THESE TIMING NUMBERS ARE ONLY A SYNTHESIS ESTIMATE.
      FOR ACCURATE TIMING INFORMATION PLEASE REFER TO THE TRACE REPORT
      GENERATED AFTER PLACE-and-ROUTE.

Clock Information:
------------------
-----------------------------------+------------------------+-------+
Clock Signal                       | Clock buffer(FF name)  | Load  |
-----------------------------------+------------------------+-------+
clk                                | BUFGP                  | 9     |
-----------------------------------+------------------------+-------+

Asynchronous Control Signals Information:
----------------------------------------
No asynchronous control signals found in this design

Timing Summary:
---------------
Speed Grade: -3

   Minimum period: 1.982ns (Maximum Frequency: 504.515MHz)
   Minimum input arrival time before clock: 1.804ns
   Maximum output required time after clock: 0.640ns
   Maximum combinational path delay: 2.405ns

Timing Details:
---------------
All values displayed in nanoseconds (ns)

=========================================================================
Timing constraint: Default period analysis for Clock 'clk'
  Clock period: 1.982ns (frequency: 504.515MHz)
  Total number of paths / destination ports: 47 / 9
-------------------------------------------------------------------------
Delay:               1.982ns (Levels of Logic = 3)
  Source:            pwm_generator/timer_counter_0 (FF)
  Destination:       pwm_generator/pulse (FF)
  Source Clock:      clk rising
  Destination Clock: clk rising

  Data Path: pwm_generator/timer_counter_0 to pwm_generator/pulse
                                Gate     Net
    Cell:in->out      fanout   Delay   Delay  Logical Name (Net Name)
    ----------------------------------------  ------------
     FDC:C->Q              2   0.361   0.515  pwm_generator/timer_counter_0 (pwm_generator/timer_counter_0)
     LUT6:I3->O            1   0.097   0.511  pwm_generator/Mmux_GND_2_o_GND_2_o_MUX_9_o13 (pwm_generator/Mmux_GND_2_o_GND_2_o_MUX_9_o12)
     LUT5:I2->O            1   0.097   0.295  pwm_generator/Mmux_GND_2_o_GND_2_o_MUX_9_o15 (pwm_generator/Mmux_GND_2_o_GND_2_o_MUX_9_o14)
     LUT6:I5->O            1   0.097   0.000  pwm_generator/Mmux_GND_2_o_GND_2_o_MUX_9_o17 (pwm_generator/GND_2_o_GND_2_o_MUX_9_o)
     FDC:D                     0.008          pwm_generator/pulse
    ----------------------------------------
    Total                      1.982ns (0.660ns logic, 1.322ns route)
                                       (33.3% logic, 66.7% route)

=========================================================================
Timing constraint: Default OFFSET IN BEFORE for Clock 'clk'
  Total number of paths / destination ports: 27 / 10
-------------------------------------------------------------------------
Offset:              1.804ns (Levels of Logic = 4)
  Source:            speed<0> (PAD)
  Destination:       pwm_generator/pulse (FF)
  Destination Clock: clk rising

  Data Path: speed<0> to pwm_generator/pulse
                                Gate     Net
    Cell:in->out      fanout   Delay   Delay  Logical Name (Net Name)
    ----------------------------------------  ------------
     IBUF:I->O             2   0.001   0.697  speed_0_IBUF (speed_0_IBUF)
     LUT6:I0->O            1   0.097   0.511  pwm_generator/Mmux_GND_2_o_GND_2_o_MUX_9_o13 (pwm_generator/Mmux_GND_2_o_GND_2_o_MUX_9_o12)
     LUT5:I2->O            1   0.097   0.295  pwm_generator/Mmux_GND_2_o_GND_2_o_MUX_9_o15 (pwm_generator/Mmux_GND_2_o_GND_2_o_MUX_9_o14)
     LUT6:I5->O            1   0.097   0.000  pwm_generator/Mmux_GND_2_o_GND_2_o_MUX_9_o17 (pwm_generator/GND_2_o_GND_2_o_MUX_9_o)
     FDC:D                     0.008          pwm_generator/pulse
    ----------------------------------------
    Total                      1.804ns (0.300ns logic, 1.504ns route)
                                       (16.6% logic, 83.4% route)

=========================================================================
Timing constraint: Default OFFSET OUT AFTER for Clock 'clk'
  Total number of paths / destination ports: 1 / 1
-------------------------------------------------------------------------
Offset:              0.640ns (Levels of Logic = 1)
  Source:            pwm_generator/pulse (FF)
  Destination:       pwm_data (PAD)
  Source Clock:      clk rising

  Data Path: pwm_generator/pulse to pwm_data
                                Gate     Net
    Cell:in->out      fanout   Delay   Delay  Logical Name (Net Name)
    ----------------------------------------  ------------
     FDC:C->Q              1   0.361   0.279  pwm_generator/pulse (pwm_generator/pulse)
     OBUF:I->O                 0.000          pwm_data_OBUF (pwm_data)
    ----------------------------------------
    Total                      0.640ns (0.361ns logic, 0.279ns route)
                                       (56.4% logic, 43.6% route)

=========================================================================
Timing constraint: Default path analysis
  Total number of paths / destination ports: 86 / 5
-------------------------------------------------------------------------
Delay:               2.405ns (Levels of Logic = 5)
  Source:            chs_conf<1> (PAD)
  Destination:       chs_power<3> (PAD)

  Data Path: chs_conf<1> to chs_power<3>
                                Gate     Net
    Cell:in->out      fanout   Delay   Delay  Logical Name (Net Name)
    ----------------------------------------  ------------
     IBUF:I->O             3   0.001   0.566  chs_conf_1_IBUF (chs_conf_1_IBUF)
     LUT4:I0->O            4   0.097   0.707  power_controller/Mmux_n0076211 (power_controller/Mmux_n007621)
     LUT6:I0->O            2   0.097   0.561  power_controller/Mmux_Power4121 (power_controller/Mmux_Power412)
     LUT4:I0->O            1   0.097   0.279  power_controller/Mmux_Power41 (chs_power_3_OBUF)
     OBUF:I->O                 0.000          chs_power_3_OBUF (chs_power<3>)
    ----------------------------------------
    Total                      2.405ns (0.292ns logic, 2.113ns route)
                                       (12.1% logic, 87.9% route)

=========================================================================

Cross Clock Domains Report:
--------------------------

Clock to Setup on destination clock clk
---------------+---------+---------+---------+---------+
               | Src:Rise| Src:Fall| Src:Rise| Src:Fall|
Source Clock   |Dest:Rise|Dest:Rise|Dest:Fall|Dest:Fall|
---------------+---------+---------+---------+---------+
clk            |    1.982|         |         |         |
---------------+---------+---------+---------+---------+

=========================================================================


Total REAL time to Xst completion: 6.00 secs
Total CPU time to Xst completion: 6.28 secs
 
--> 

Total memory usage is 4712156 kilobytes

Number of errors   :    0 (   0 filtered)
Number of warnings :    2 (   0 filtered)
Number of infos    :    0 (   0 filtered)

