Release 14.7 - xst P.20131013 (nt64)
Copyright (c) 1995-2013 Xilinx, Inc.  All rights reserved.
--> Parameter TMPDIR set to xst/projnav.tmp


Total REAL time to Xst completion: 0.00 secs
Total CPU time to Xst completion: 0.08 secs
 
--> Parameter xsthdpdir set to xst


Total REAL time to Xst completion: 0.00 secs
Total CPU time to Xst completion: 0.08 secs
 
--> Reading design: GasDetectorSensor.prj

TABLE OF CONTENTS
  1) Synthesis Options Summary
  2) HDL Parsing
  3) HDL Elaboration
  4) HDL Synthesis
       4.1) HDL Synthesis Report
  5) Advanced HDL Synthesis
       5.1) Advanced HDL Synthesis Report
  6) Low Level Synthesis
  7) Partition Report
  8) Design Summary
       8.1) Primitive and Black Box Usage
       8.2) Device utilization summary
       8.3) Partition Resource Summary
       8.4) Timing Report
            8.4.1) Clock Information
            8.4.2) Asynchronous Control Signals Information
            8.4.3) Timing Summary
            8.4.4) Timing Details
            8.4.5) Cross Clock Domains Report


=========================================================================
*                      Synthesis Options Summary                        *
=========================================================================
---- Source Parameters
Input File Name                    : "GasDetectorSensor.prj"
Ignore Synthesis Constraint File   : NO

---- Target Parameters
Output File Name                   : "GasDetectorSensor"
Output Format                      : NGC
Target Device                      : xc7a100t-3-csg324

---- Source Options
Top Module Name                    : GasDetectorSensor
Automatic FSM Extraction           : YES
FSM Encoding Algorithm             : Auto
Safe Implementation                : No
FSM Style                          : LUT
RAM Extraction                     : Yes
RAM Style                          : Auto
ROM Extraction                     : Yes
Shift Register Extraction          : YES
ROM Style                          : Auto
Resource Sharing                   : YES
Asynchronous To Synchronous        : NO
Shift Register Minimum Size        : 2
Use DSP Block                      : Auto
Automatic Register Balancing       : No

---- Target Options
LUT Combining                      : Auto
Reduce Control Sets                : Auto
Add IO Buffers                     : YES
Global Maximum Fanout              : 100000
Add Generic Clock Buffer(BUFG)     : 32
Register Duplication               : YES
Optimize Instantiated Primitives   : NO
Use Clock Enable                   : Auto
Use Synchronous Set                : Auto
Use Synchronous Reset              : Auto
Pack IO Registers into IOBs        : Auto
Equivalent register Removal        : YES

---- General Options
Optimization Goal                  : Speed
Optimization Effort                : 1
Power Reduction                    : NO
Keep Hierarchy                     : No
Netlist Hierarchy                  : As_Optimized
RTL Output                         : Yes
Global Optimization                : AllClockNets
Read Cores                         : YES
Write Timing Constraints           : NO
Cross Clock Analysis               : NO
Hierarchy Separator                : /
Bus Delimiter                      : <>
Case Specifier                     : Maintain
Slice Utilization Ratio            : 100
BRAM Utilization Ratio             : 100
DSP48 Utilization Ratio            : 100
Auto BRAM Packing                  : NO
Slice Utilization Ratio Delta      : 5

=========================================================================


=========================================================================
*                          HDL Parsing                                  *
=========================================================================
Analyzing Verilog file "C:\Users\Anformatic Golestan\Documents\Logic Circuits\Final Project\Module2\GasEngineUtils.v" into library work
Parsing module <ShiftRegister12Bit>.
Analyzing Verilog file "C:\Users\Anformatic Golestan\Documents\Logic Circuits\Final Project\Module2\GasDetectorSensor.v" into library work
Parsing module <GasDetectorSensor>.

=========================================================================
*                            HDL Elaboration                            *
=========================================================================

Elaborating module <GasDetectorSensor>.

Elaborating module <ShiftRegister12Bit>.

=========================================================================
*                           HDL Synthesis                               *
=========================================================================

Synthesizing Unit <GasDetectorSensor>.
    Related source file is "C:\Users\Anformatic Golestan\Documents\Logic Circuits\Final Project\Module2\GasDetectorSensor.v".
    Found 1-bit register for signal <CarbonMonoxide>.
    Found 1-bit register for signal <CarbonDioxide>.
    Found 1-bit register for signal <Methane>.
    Summary:
	inferred   3 D-type flip-flop(s).
Unit <GasDetectorSensor> synthesized.

Synthesizing Unit <ShiftRegister12Bit>.
    Related source file is "C:\Users\Anformatic Golestan\Documents\Logic Circuits\Final Project\Module2\GasEngineUtils.v".
    Found 12-bit register for signal <register>.
    Summary:
	inferred  12 D-type flip-flop(s).
Unit <ShiftRegister12Bit> synthesized.

=========================================================================
HDL Synthesis Report

Macro Statistics
# Registers                                            : 4
 1-bit register                                        : 3
 12-bit register                                       : 1

=========================================================================

=========================================================================
*                       Advanced HDL Synthesis                          *
=========================================================================


=========================================================================
Advanced HDL Synthesis Report

Macro Statistics
# Registers                                            : 15
 Flip-Flops                                            : 15

=========================================================================

=========================================================================
*                         Low Level Synthesis                           *
=========================================================================

Optimizing unit <ShiftRegister12Bit> ...

Optimizing unit <GasDetectorSensor> ...

Mapping all equations...
Building and optimizing final netlist ...
Found area constraint ratio of 100 (+ 5) on block GasDetectorSensor, actual ratio is 0.

Final Macro Processing ...

=========================================================================
Final Register Report

Macro Statistics
# Registers                                            : 15
 Flip-Flops                                            : 15

=========================================================================

=========================================================================
*                           Partition Report                            *
=========================================================================

Partition Implementation Status
-------------------------------

  No Partitions were found in this design.

-------------------------------

=========================================================================
*                            Design Summary                             *
=========================================================================

Top Level Output File Name         : GasDetectorSensor.ngc

Primitive and Black Box Usage:
------------------------------
# BELS                             : 6
#      LUT3                        : 1
#      LUT4                        : 1
#      LUT5                        : 1
#      LUT6                        : 3
# FlipFlops/Latches                : 15
#      FDC                         : 12
#      FDCE                        : 3
# Clock Buffers                    : 1
#      BUFGP                       : 1
# IO Buffers                       : 5
#      IBUF                        : 2
#      OBUF                        : 3

Device utilization summary:
---------------------------

Selected Device : 7a100tcsg324-3 


Slice Logic Utilization: 
 Number of Slice Registers:              15  out of  126800     0%  
 Number of Slice LUTs:                    6  out of  63400     0%  
    Number used as Logic:                 6  out of  63400     0%  

Slice Logic Distribution: 
 Number of LUT Flip Flop pairs used:     18
   Number with an unused Flip Flop:       3  out of     18    16%  
   Number with an unused LUT:            12  out of     18    66%  
   Number of fully used LUT-FF pairs:     3  out of     18    16%  
   Number of unique control sets:         4

IO Utilization: 
 Number of IOs:                           6
 Number of bonded IOBs:                   6  out of    210     2%  

Specific Feature Utilization:
 Number of BUFG/BUFGCTRLs:                1  out of     32     3%  

---------------------------
Partition Resource Summary:
---------------------------

  No Partitions were found in this design.

---------------------------


=========================================================================
Timing Report

NOTE: THESE TIMING NUMBERS ARE ONLY A SYNTHESIS ESTIMATE.
      FOR ACCURATE TIMING INFORMATION PLEASE REFER TO THE TRACE REPORT
      GENERATED AFTER PLACE-and-ROUTE.

Clock Information:
------------------
-----------------------------------+------------------------+-------+
Clock Signal                       | Clock buffer(FF name)  | Load  |
-----------------------------------+------------------------+-------+
clk                                | BUFGP                  | 15    |
-----------------------------------+------------------------+-------+

Asynchronous Control Signals Information:
----------------------------------------
No asynchronous control signals found in this design

Timing Summary:
---------------
Speed Grade: -3

   Minimum period: 1.556ns (Maximum Frequency: 642.839MHz)
   Minimum input arrival time before clock: 0.694ns
   Maximum output required time after clock: 0.645ns
   Maximum combinational path delay: No path found

Timing Details:
---------------
All values displayed in nanoseconds (ns)

=========================================================================
Timing constraint: Default period analysis for Clock 'clk'
  Clock period: 1.556ns (frequency: 642.839MHz)
  Total number of paths / destination ports: 45 / 17
-------------------------------------------------------------------------
Delay:               1.556ns (Levels of Logic = 2)
  Source:            shifter/register_8 (FF)
  Destination:       CarbonMonoxide (FF)
  Source Clock:      clk rising
  Destination Clock: clk rising

  Data Path: shifter/register_8 to CarbonMonoxide
                                Gate     Net
    Cell:in->out      fanout   Delay   Delay  Logical Name (Net Name)
    ----------------------------------------  ------------
     FDC:C->Q              3   0.361   0.693  shifter/register_8 (shifter/register_8)
     LUT5:I0->O            2   0.097   0.299  shiftReg[11]_PWR_1_o_equal_3_o<11>11 (shiftReg[11]_PWR_1_o_equal_3_o<11>1)
     LUT6:I5->O            1   0.097   0.000  CarbonMonoxide_dpot (CarbonMonoxide_dpot)
     FDCE:D                    0.008          CarbonMonoxide
    ----------------------------------------
    Total                      1.556ns (0.563ns logic, 0.993ns route)
                                       (36.2% logic, 63.8% route)

=========================================================================
Timing constraint: Default OFFSET IN BEFORE for Clock 'clk'
  Total number of paths / destination ports: 16 / 16
-------------------------------------------------------------------------
Offset:              0.694ns (Levels of Logic = 1)
  Source:            arst (PAD)
  Destination:       CarbonMonoxide (FF)
  Destination Clock: clk rising

  Data Path: arst to CarbonMonoxide
                                Gate     Net
    Cell:in->out      fanout   Delay   Delay  Logical Name (Net Name)
    ----------------------------------------  ------------
     IBUF:I->O            15   0.001   0.344  arst_IBUF (arst_IBUF)
     FDCE:CLR                  0.349          CarbonMonoxide
    ----------------------------------------
    Total                      0.694ns (0.350ns logic, 0.344ns route)
                                       (50.5% logic, 49.5% route)

=========================================================================
Timing constraint: Default OFFSET OUT AFTER for Clock 'clk'
  Total number of paths / destination ports: 3 / 3
-------------------------------------------------------------------------
Offset:              0.645ns (Levels of Logic = 1)
  Source:            CarbonDioxide (FF)
  Destination:       dout<2> (PAD)
  Source Clock:      clk rising

  Data Path: CarbonDioxide to dout<2>
                                Gate     Net
    Cell:in->out      fanout   Delay   Delay  Logical Name (Net Name)
    ----------------------------------------  ------------
     FDCE:C->Q             2   0.361   0.283  CarbonDioxide (CarbonDioxide)
     OBUF:I->O                 0.000          dout_2_OBUF (dout<2>)
    ----------------------------------------
    Total                      0.645ns (0.361ns logic, 0.283ns route)
                                       (56.0% logic, 44.0% route)

=========================================================================

Cross Clock Domains Report:
--------------------------

Clock to Setup on destination clock clk
---------------+---------+---------+---------+---------+
               | Src:Rise| Src:Fall| Src:Rise| Src:Fall|
Source Clock   |Dest:Rise|Dest:Rise|Dest:Fall|Dest:Fall|
---------------+---------+---------+---------+---------+
clk            |    1.556|         |         |         |
---------------+---------+---------+---------+---------+

=========================================================================


Total REAL time to Xst completion: 6.00 secs
Total CPU time to Xst completion: 6.01 secs
 
--> 

Total memory usage is 4708444 kilobytes

Number of errors   :    0 (   0 filtered)
Number of warnings :    0 (   0 filtered)
Number of infos    :    0 (   0 filtered)

